0 verbose cli /usr/local/bin/node /usr/local/bin/npm
1 info using npm@11.6.2
2 info using node@v24.12.0
3 silly config load:file:/usr/local/lib/node_modules/npm/npmrc
4 silly config load:file:/home/app/.npmrc
5 silly config load:file:/usr/local/etc/npmrc
6 verbose title npm install express
7 verbose argv "install" "express"
8 verbose logfile logs-max:10 dir:/home/app/.npm/_logs/2026-01-05T10_29_17_643Z-
9 verbose logfile /home/app/.npm/_logs/2026-01-05T10_29_17_643Z-debug-0.log
10 silly logfile done cleaning log files
11 silly packumentCache heap:2348810240 maxSize:587202560 maxEntrySize:293601280
12 silly idealTree buildDeps
13 silly fetch manifest express@*
14 silly packumentCache full:https://registry.npmjs.org/express cache-miss
15 http fetch GET 200 https://registry.npmjs.org/express 333ms (cache miss)
16 silly packumentCache full:https://registry.npmjs.org/express set size:undefined disposed:false
17 silly placeDep ROOT express@5.2.1 OK for: app@1.0.0 want: *
18 silly fetch manifest qs@^6.14.0
19 silly packumentCache full:https://registry.npmjs.org/qs cache-miss
20 silly fetch manifest depd@^2.0.0
21 silly packumentCache full:https://registry.npmjs.org/depd cache-miss
22 silly fetch manifest etag@^1.8.1
23 silly packumentCache full:https://registry.npmjs.org/etag cache-miss
24 silly fetch manifest once@^1.4.0
25 silly packumentCache full:https://registry.npmjs.org/once cache-miss
26 silly fetch manifest send@^1.1.0
27 silly packumentCache full:https://registry.npmjs.org/send cache-miss
28 silly fetch manifest vary@^1.1.2
29 silly packumentCache full:https://registry.npmjs.org/vary cache-miss
30 silly fetch manifest debug@^4.4.0
31 silly packumentCache full:https://registry.npmjs.org/debug cache-miss
32 silly fetch manifest fresh@^2.0.0
33 silly packumentCache full:https://registry.npmjs.org/fresh cache-miss
34 silly fetch manifest cookie@^0.7.1
35 silly packumentCache full:https://registry.npmjs.org/cookie cache-miss
36 silly fetch manifest router@^2.2.0
37 silly packumentCache full:https://registry.npmjs.org/router cache-miss
38 silly fetch manifest accepts@^2.0.0
39 silly packumentCache full:https://registry.npmjs.org/accepts cache-miss
40 http fetch GET 200 https://registry.npmjs.org/qs 126ms (cache miss)
41 silly packumentCache full:https://registry.npmjs.org/qs set size:undefined disposed:false
42 silly fetch manifest type-is@^2.0.1
43 silly packumentCache full:https://registry.npmjs.org/type-is cache-miss
44 http fetch GET 200 https://registry.npmjs.org/type-is 104ms (cache miss)
45 silly packumentCache full:https://registry.npmjs.org/type-is set size:undefined disposed:false
46 silly fetch manifest parseurl@^1.3.3
47 silly packumentCache full:https://registry.npmjs.org/parseurl cache-miss
48 http fetch GET 200 https://registry.npmjs.org/once 310ms (cache miss)
49 silly packumentCache full:https://registry.npmjs.org/once set size:undefined disposed:false
50 silly fetch manifest statuses@^2.0.1
51 silly packumentCache full:https://registry.npmjs.org/statuses cache-miss
52 http fetch GET 200 https://registry.npmjs.org/accepts 318ms (cache miss)
53 silly packumentCache full:https://registry.npmjs.org/accepts set size:undefined disposed:false
54 silly fetch manifest encodeurl@^2.0.0
55 silly packumentCache full:https://registry.npmjs.org/encodeurl cache-miss
56 http fetch GET 200 https://registry.npmjs.org/depd 327ms (cache miss)
57 silly packumentCache full:https://registry.npmjs.org/depd set size:undefined disposed:false
58 silly fetch manifest mime-types@^3.0.0
59 silly packumentCache full:https://registry.npmjs.org/mime-types cache-miss
60 http fetch GET 200 https://registry.npmjs.org/parseurl 93ms (cache miss)
61 silly packumentCache full:https://registry.npmjs.org/parseurl set size:undefined disposed:false
62 silly fetch manifest proxy-addr@^2.0.7
63 silly packumentCache full:https://registry.npmjs.org/proxy-addr cache-miss
64 http fetch GET 200 https://registry.npmjs.org/vary 331ms (cache miss)
65 silly packumentCache full:https://registry.npmjs.org/vary set size:undefined disposed:false
66 silly fetch manifest body-parser@^2.2.1
67 silly packumentCache full:https://registry.npmjs.org/body-parser cache-miss
68 http fetch GET 200 https://registry.npmjs.org/router 341ms (cache miss)
69 silly packumentCache full:https://registry.npmjs.org/router set size:undefined disposed:false
70 silly fetch manifest escape-html@^1.0.3
71 silly packumentCache full:https://registry.npmjs.org/escape-html cache-miss
72 http fetch GET 200 https://registry.npmjs.org/fresh 347ms (cache miss)
73 silly packumentCache full:https://registry.npmjs.org/fresh set size:undefined disposed:false
74 silly fetch manifest http-errors@^2.0.0
75 silly packumentCache full:https://registry.npmjs.org/http-errors cache-miss
76 http fetch GET 200 https://registry.npmjs.org/cookie 350ms (cache miss)
77 silly packumentCache full:https://registry.npmjs.org/cookie set size:undefined disposed:false
78 silly fetch manifest on-finished@^2.4.1
79 silly packumentCache full:https://registry.npmjs.org/on-finished cache-miss
80 http fetch GET 200 https://registry.npmjs.org/send 355ms (cache miss)
81 silly packumentCache full:https://registry.npmjs.org/send set size:undefined disposed:false
82 silly fetch manifest content-type@^1.0.5
83 silly packumentCache full:https://registry.npmjs.org/content-type cache-miss
84 http fetch GET 200 https://registry.npmjs.org/debug 356ms (cache miss)
85 silly packumentCache full:https://registry.npmjs.org/debug set size:undefined disposed:false
86 silly fetch manifest finalhandler@^2.1.0
87 silly packumentCache full:https://registry.npmjs.org/finalhandler cache-miss
88 http fetch GET 200 https://registry.npmjs.org/statuses 91ms (cache miss)
89 silly packumentCache full:https://registry.npmjs.org/statuses set size:undefined disposed:false
90 silly fetch manifest range-parser@^1.2.1
91 silly packumentCache full:https://registry.npmjs.org/range-parser cache-miss
92 http fetch GET 200 https://registry.npmjs.org/body-parser 73ms (cache miss)
93 silly packumentCache full:https://registry.npmjs.org/body-parser set size:undefined disposed:false
94 silly fetch manifest serve-static@^2.2.0
95 silly packumentCache full:https://registry.npmjs.org/serve-static cache-miss
96 http fetch GET 200 https://registry.npmjs.org/finalhandler 64ms (cache miss)
97 silly packumentCache full:https://registry.npmjs.org/finalhandler set size:undefined disposed:false
98 silly fetch manifest cookie-signature@^1.2.1
99 silly packumentCache full:https://registry.npmjs.org/cookie-signature cache-miss
100 http fetch GET 200 https://registry.npmjs.org/mime-types 98ms (cache miss)
101 silly packumentCache full:https://registry.npmjs.org/mime-types set size:undefined disposed:false
102 silly fetch manifest merge-descriptors@^2.0.0
103 silly packumentCache full:https://registry.npmjs.org/merge-descriptors cache-miss
104 http fetch GET 200 https://registry.npmjs.org/on-finished 76ms (cache miss)
105 silly packumentCache full:https://registry.npmjs.org/on-finished set size:undefined disposed:false
106 silly fetch manifest content-disposition@^1.0.0
107 silly packumentCache full:https://registry.npmjs.org/content-disposition cache-miss
108 http fetch GET 200 https://registry.npmjs.org/escape-html 119ms (cache miss)
109 silly packumentCache full:https://registry.npmjs.org/escape-html set size:undefined disposed:false
110 http fetch GET 200 https://registry.npmjs.org/proxy-addr 134ms (cache miss)
111 silly packumentCache full:https://registry.npmjs.org/proxy-addr set size:undefined disposed:false
112 http fetch GET 200 https://registry.npmjs.org/http-errors 128ms (cache miss)
113 silly packumentCache full:https://registry.npmjs.org/http-errors set size:undefined disposed:false
114 http fetch GET 200 https://registry.npmjs.org/serve-static 97ms (cache miss)
115 silly packumentCache full:https://registry.npmjs.org/serve-static set size:undefined disposed:false
116 http fetch GET 200 https://registry.npmjs.org/cookie-signature 82ms (cache miss)
117 silly packumentCache full:https://registry.npmjs.org/cookie-signature set size:undefined disposed:false
118 http fetch GET 200 https://registry.npmjs.org/range-parser 128ms (cache miss)
119 silly packumentCache full:https://registry.npmjs.org/range-parser set size:undefined disposed:false
120 http fetch GET 200 https://registry.npmjs.org/content-disposition 106ms (cache miss)
121 silly packumentCache full:https://registry.npmjs.org/content-disposition set size:undefined disposed:false
122 http fetch GET 200 https://registry.npmjs.org/merge-descriptors 139ms (cache miss)
123 silly packumentCache full:https://registry.npmjs.org/merge-descriptors set size:undefined disposed:false
124 http fetch GET 200 https://registry.npmjs.org/etag 647ms (cache miss)
125 silly packumentCache full:https://registry.npmjs.org/etag set size:undefined disposed:false
126 http fetch GET 200 https://registry.npmjs.org/encodeurl 570ms (cache miss)
127 silly packumentCache full:https://registry.npmjs.org/encodeurl set size:undefined disposed:false
128 http fetch GET 200 https://registry.npmjs.org/content-type 602ms (cache miss)
129 silly packumentCache full:https://registry.npmjs.org/content-type set size:undefined disposed:false
130 silly placeDep ROOT accepts@2.0.0 OK for: express@5.2.1 want: ^2.0.0
131 silly placeDep ROOT body-parser@2.2.1 OK for: express@5.2.1 want: ^2.2.1
132 silly placeDep ROOT content-disposition@1.0.1 OK for: express@5.2.1 want: ^1.0.0
133 silly placeDep ROOT content-type@1.0.5 OK for: express@5.2.1 want: ^1.0.5
134 silly placeDep ROOT cookie@0.7.2 OK for: express@5.2.1 want: ^0.7.1
135 silly placeDep ROOT cookie-signature@1.2.2 OK for: express@5.2.1 want: ^1.2.1
136 silly placeDep ROOT debug@4.4.3 OK for: express@5.2.1 want: ^4.4.0
137 silly placeDep ROOT depd@2.0.0 OK for: express@5.2.1 want: ^2.0.0
138 silly placeDep ROOT encodeurl@2.0.0 OK for: express@5.2.1 want: ^2.0.0
139 silly placeDep ROOT escape-html@1.0.3 OK for: express@5.2.1 want: ^1.0.3
140 silly placeDep ROOT etag@1.8.1 OK for: express@5.2.1 want: ^1.8.1
141 silly placeDep ROOT finalhandler@2.1.1 OK for: express@5.2.1 want: ^2.1.0
142 silly placeDep ROOT fresh@2.0.0 OK for: express@5.2.1 want: ^2.0.0
143 silly placeDep ROOT http-errors@2.0.1 OK for: express@5.2.1 want: ^2.0.0
144 silly placeDep ROOT merge-descriptors@2.0.0 OK for: express@5.2.1 want: ^2.0.0
145 silly placeDep ROOT mime-types@3.0.2 OK for: express@5.2.1 want: ^3.0.0
146 silly placeDep ROOT on-finished@2.4.1 OK for: express@5.2.1 want: ^2.4.1
147 silly placeDep ROOT once@1.4.0 OK for: express@5.2.1 want: ^1.4.0
148 silly placeDep ROOT parseurl@1.3.3 OK for: express@5.2.1 want: ^1.3.3
149 silly placeDep ROOT proxy-addr@2.0.7 OK for: express@5.2.1 want: ^2.0.7
150 silly placeDep ROOT qs@6.14.1 OK for: express@5.2.1 want: ^6.14.0
151 silly placeDep ROOT range-parser@1.2.1 OK for: express@5.2.1 want: ^1.2.1
152 silly placeDep ROOT router@2.2.0 OK for: express@5.2.1 want: ^2.2.0
153 silly placeDep ROOT send@1.2.1 OK for: express@5.2.1 want: ^1.1.0
154 silly placeDep ROOT serve-static@2.2.1 OK for: express@5.2.1 want: ^2.2.0
155 silly placeDep ROOT statuses@2.0.2 OK for: express@5.2.1 want: ^2.0.1
156 silly placeDep ROOT type-is@2.0.1 OK for: express@5.2.1 want: ^2.0.1
157 silly placeDep ROOT vary@1.1.2 OK for: express@5.2.1 want: ^1.1.2
158 silly fetch manifest negotiator@^1.0.0
159 silly packumentCache full:https://registry.npmjs.org/negotiator cache-miss
160 silly fetch manifest bytes@^3.1.2
161 silly packumentCache full:https://registry.npmjs.org/bytes cache-miss
162 silly fetch manifest debug@^4.4.3
163 silly packumentCache full:https://registry.npmjs.org/debug cache-miss
164 silly fetch manifest raw-body@^3.0.1
165 silly packumentCache full:https://registry.npmjs.org/raw-body cache-miss
166 silly fetch manifest iconv-lite@^0.7.0
167 silly packumentCache full:https://registry.npmjs.org/iconv-lite cache-miss
168 silly fetch manifest ms@^2.1.3
169 silly packumentCache full:https://registry.npmjs.org/ms cache-miss
170 silly fetch manifest inherits@~2.0.4
171 silly packumentCache full:https://registry.npmjs.org/inherits cache-miss
172 silly fetch manifest setprototypeof@~1.2.0
173 silly packumentCache full:https://registry.npmjs.org/setprototypeof cache-miss
174 silly fetch manifest statuses@~2.0.2
175 silly packumentCache full:https://registry.npmjs.org/statuses cache-miss
176 silly fetch manifest toidentifier@~1.0.1
177 silly packumentCache full:https://registry.npmjs.org/toidentifier cache-miss
178 silly fetch manifest mime-db@^1.54.0
179 silly packumentCache full:https://registry.npmjs.org/mime-db cache-miss
180 http cache https://registry.npmjs.org/statuses 9ms (cache hit)
181 silly packumentCache full:https://registry.npmjs.org/statuses set size:37117 disposed:false
182 silly fetch manifest ee-first@1.1.1
183 silly packumentCache full:https://registry.npmjs.org/ee-first cache-miss
184 http cache https://registry.npmjs.org/debug 14ms (cache hit)
185 silly packumentCache full:https://registry.npmjs.org/debug set size:195840 disposed:false
186 silly fetch manifest wrappy@1
187 silly packumentCache full:https://registry.npmjs.org/wrappy cache-miss
188 http fetch GET 200 https://registry.npmjs.org/iconv-lite 66ms (cache miss)
189 silly packumentCache full:https://registry.npmjs.org/iconv-lite set size:undefined disposed:false
190 silly fetch manifest forwarded@0.2.0
191 silly packumentCache full:https://registry.npmjs.org/forwarded cache-miss
192 http fetch GET 200 https://registry.npmjs.org/ms 68ms (cache miss)
193 silly packumentCache full:https://registry.npmjs.org/ms set size:undefined disposed:false
194 silly fetch manifest ipaddr.js@1.9.1
195 silly packumentCache full:https://registry.npmjs.org/ipaddr.js cache-miss
196 http fetch GET 200 https://registry.npmjs.org/setprototypeof 83ms (cache miss)
197 silly packumentCache full:https://registry.npmjs.org/setprototypeof set size:undefined disposed:false
198 silly fetch manifest side-channel@^1.1.0
199 silly packumentCache full:https://registry.npmjs.org/side-channel cache-miss
200 http fetch GET 200 https://registry.npmjs.org/inherits 105ms (cache miss)
201 silly packumentCache full:https://registry.npmjs.org/inherits set size:undefined disposed:false
202 silly fetch manifest is-promise@^4.0.0
203 silly packumentCache full:https://registry.npmjs.org/is-promise cache-miss
204 http fetch GET 200 https://registry.npmjs.org/bytes 110ms (cache miss)
205 silly packumentCache full:https://registry.npmjs.org/bytes set size:undefined disposed:false
206 silly fetch manifest path-to-regexp@^8.0.0
207 silly packumentCache full:https://registry.npmjs.org/path-to-regexp cache-miss
208 http fetch GET 200 https://registry.npmjs.org/raw-body 110ms (cache miss)
209 silly packumentCache full:https://registry.npmjs.org/raw-body set size:undefined disposed:false
210 silly fetch manifest statuses@^2.0.2
211 silly packumentCache full:https://registry.npmjs.org/statuses cache-hit
212 silly fetch manifest media-typer@^1.1.0
213 silly packumentCache full:https://registry.npmjs.org/media-typer cache-miss
214 http fetch GET 200 https://registry.npmjs.org/forwarded 55ms (cache miss)
215 silly packumentCache full:https://registry.npmjs.org/forwarded set size:undefined disposed:false
216 http fetch GET 200 https://registry.npmjs.org/toidentifier 121ms (cache miss)
217 silly packumentCache full:https://registry.npmjs.org/toidentifier set size:undefined disposed:false
218 http fetch GET 200 https://registry.npmjs.org/wrappy 112ms (cache miss)
219 silly packumentCache full:https://registry.npmjs.org/wrappy set size:undefined disposed:false
220 http fetch GET 200 https://registry.npmjs.org/ipaddr.js 83ms (cache miss)
221 silly packumentCache full:https://registry.npmjs.org/ipaddr.js set size:undefined disposed:false
222 http fetch GET 200 https://registry.npmjs.org/side-channel 100ms (cache miss)
223 silly packumentCache full:https://registry.npmjs.org/side-channel set size:undefined disposed:false
224 http fetch GET 200 https://registry.npmjs.org/is-promise 94ms (cache miss)
225 silly packumentCache full:https://registry.npmjs.org/is-promise set size:undefined disposed:false
226 http fetch GET 200 https://registry.npmjs.org/media-typer 106ms (cache miss)
227 silly packumentCache full:https://registry.npmjs.org/media-typer set size:undefined disposed:false
228 http fetch GET 200 https://registry.npmjs.org/path-to-regexp 117ms (cache miss)
229 silly packumentCache full:https://registry.npmjs.org/path-to-regexp set size:undefined disposed:false
230 http fetch GET 200 https://registry.npmjs.org/ee-first 319ms (cache miss)
231 silly packumentCache full:https://registry.npmjs.org/ee-first set size:undefined disposed:false
232 http fetch GET 200 https://registry.npmjs.org/mime-db 666ms (cache miss)
233 silly packumentCache full:https://registry.npmjs.org/mime-db set size:undefined disposed:false
234 http fetch GET 200 https://registry.npmjs.org/negotiator 808ms (cache miss)
235 silly packumentCache full:https://registry.npmjs.org/negotiator set size:undefined disposed:false
236 silly placeDep ROOT negotiator@1.0.0 OK for: accepts@2.0.0 want: ^1.0.0
237 silly placeDep ROOT bytes@3.1.2 OK for: body-parser@2.2.1 want: ^3.1.2
238 silly placeDep ROOT iconv-lite@0.7.1 OK for: body-parser@2.2.1 want: ^0.7.0
239 silly placeDep ROOT raw-body@3.0.2 OK for: body-parser@2.2.1 want: ^3.0.1
240 silly fetch manifest safer-buffer@>= 2.1.2 < 3.0.0
241 silly packumentCache full:https://registry.npmjs.org/safer-buffer cache-miss
242 silly fetch manifest unpipe@~1.0.0
243 silly packumentCache full:https://registry.npmjs.org/unpipe cache-miss
244 http fetch GET 200 https://registry.npmjs.org/safer-buffer 76ms (cache miss)
245 silly packumentCache full:https://registry.npmjs.org/safer-buffer set size:undefined disposed:false
246 http fetch GET 200 https://registry.npmjs.org/unpipe 82ms (cache miss)
247 silly packumentCache full:https://registry.npmjs.org/unpipe set size:undefined disposed:false
248 silly placeDep ROOT ms@2.1.3 OK for: debug@4.4.3 want: ^2.1.3
249 silly placeDep ROOT inherits@2.0.4 OK for: http-errors@2.0.1 want: ~2.0.4
250 silly placeDep ROOT setprototypeof@1.2.0 OK for: http-errors@2.0.1 want: ~1.2.0
251 silly placeDep ROOT toidentifier@1.0.1 OK for: http-errors@2.0.1 want: ~1.0.1
252 silly placeDep ROOT safer-buffer@2.1.2 OK for: iconv-lite@0.7.1 want: >= 2.1.2 < 3.0.0
253 silly placeDep ROOT mime-db@1.54.0 OK for: mime-types@3.0.2 want: ^1.54.0
254 silly placeDep ROOT ee-first@1.1.1 OK for: on-finished@2.4.1 want: 1.1.1
255 silly placeDep ROOT wrappy@1.0.2 OK for: once@1.4.0 want: 1
256 silly placeDep ROOT forwarded@0.2.0 OK for: proxy-addr@2.0.7 want: 0.2.0
257 silly placeDep ROOT ipaddr.js@1.9.1 OK for: proxy-addr@2.0.7 want: 1.9.1
258 silly placeDep ROOT side-channel@1.1.0 OK for: qs@6.14.1 want: ^1.1.0
259 silly fetch manifest es-errors@^1.3.0
260 silly packumentCache full:https://registry.npmjs.org/es-errors cache-miss
261 silly fetch manifest object-inspect@^1.13.3
262 silly packumentCache full:https://registry.npmjs.org/object-inspect cache-miss
263 silly fetch manifest side-channel-list@^1.0.0
264 silly packumentCache full:https://registry.npmjs.org/side-channel-list cache-miss
265 silly fetch manifest side-channel-map@^1.0.1
266 silly packumentCache full:https://registry.npmjs.org/side-channel-map cache-miss
267 silly fetch manifest side-channel-weakmap@^1.0.2
268 silly packumentCache full:https://registry.npmjs.org/side-channel-weakmap cache-miss
269 http fetch GET 200 https://registry.npmjs.org/es-errors 97ms (cache miss)
270 silly packumentCache full:https://registry.npmjs.org/es-errors set size:undefined disposed:false
271 http fetch GET 200 https://registry.npmjs.org/side-channel-map 99ms (cache miss)
272 silly packumentCache full:https://registry.npmjs.org/side-channel-map set size:undefined disposed:false
273 http fetch GET 200 https://registry.npmjs.org/object-inspect 104ms (cache miss)
274 silly packumentCache full:https://registry.npmjs.org/object-inspect set size:undefined disposed:false
275 http fetch GET 200 https://registry.npmjs.org/side-channel-weakmap 109ms (cache miss)
276 silly packumentCache full:https://registry.npmjs.org/side-channel-weakmap set size:undefined disposed:false
277 http fetch GET 200 https://registry.npmjs.org/side-channel-list 110ms (cache miss)
278 silly packumentCache full:https://registry.npmjs.org/side-channel-list set size:undefined disposed:false
279 silly placeDep ROOT unpipe@1.0.0 OK for: raw-body@3.0.2 want: ~1.0.0
280 silly placeDep ROOT is-promise@4.0.0 OK for: router@2.2.0 want: ^4.0.0
281 silly placeDep ROOT path-to-regexp@8.3.0 OK for: router@2.2.0 want: ^8.0.0
282 silly placeDep ROOT es-errors@1.3.0 OK for: side-channel@1.1.0 want: ^1.3.0
283 silly placeDep ROOT object-inspect@1.13.4 OK for: side-channel@1.1.0 want: ^1.13.3
284 silly placeDep ROOT side-channel-list@1.0.0 OK for: side-channel@1.1.0 want: ^1.0.0
285 silly placeDep ROOT side-channel-map@1.0.1 OK for: side-channel@1.1.0 want: ^1.0.1
286 silly placeDep ROOT side-channel-weakmap@1.0.2 OK for: side-channel@1.1.0 want: ^1.0.2
287 silly fetch manifest call-bound@^1.0.2
288 silly packumentCache full:https://registry.npmjs.org/call-bound cache-miss
289 silly fetch manifest get-intrinsic@^1.2.5
290 silly packumentCache full:https://registry.npmjs.org/get-intrinsic cache-miss
291 silly fetch manifest call-bound@^1.0.2
292 silly packumentCache full:https://registry.npmjs.org/call-bound cache-miss
293 silly fetch manifest get-intrinsic@^1.2.5
294 silly packumentCache full:https://registry.npmjs.org/get-intrinsic cache-miss
295 http fetch GET 200 https://registry.npmjs.org/call-bound 112ms (cache miss)
296 silly packumentCache full:https://registry.npmjs.org/call-bound set size:undefined disposed:false
297 http fetch GET 200 https://registry.npmjs.org/get-intrinsic 471ms (cache miss)
298 silly packumentCache full:https://registry.npmjs.org/get-intrinsic set size:undefined disposed:false
299 http fetch GET 200 https://registry.npmjs.org/get-intrinsic 741ms (cache miss)
300 silly packumentCache full:https://registry.npmjs.org/get-intrinsic set size:undefined disposed:false
301 http fetch GET 200 https://registry.npmjs.org/call-bound 924ms (cache miss)
302 silly packumentCache full:https://registry.npmjs.org/call-bound set size:undefined disposed:false
303 silly placeDep ROOT call-bound@1.0.4 OK for: side-channel-map@1.0.1 want: ^1.0.2
304 silly placeDep ROOT get-intrinsic@1.3.0 OK for: side-channel-map@1.0.1 want: ^1.2.5
305 silly fetch manifest call-bind-apply-helpers@^1.0.2
306 silly packumentCache full:https://registry.npmjs.org/call-bind-apply-helpers cache-miss
307 silly fetch manifest get-intrinsic@^1.3.0
308 silly packumentCache full:https://registry.npmjs.org/get-intrinsic cache-miss
309 silly fetch manifest gopd@^1.2.0
310 silly packumentCache full:https://registry.npmjs.org/gopd cache-miss
311 silly fetch manifest hasown@^2.0.2
312 silly packumentCache full:https://registry.npmjs.org/hasown cache-miss
313 silly fetch manifest get-proto@^1.0.1
314 silly packumentCache full:https://registry.npmjs.org/get-proto cache-miss
315 silly fetch manifest has-symbols@^1.1.0
316 silly packumentCache full:https://registry.npmjs.org/has-symbols cache-miss
317 silly fetch manifest function-bind@^1.1.2
318 silly packumentCache full:https://registry.npmjs.org/function-bind cache-miss
319 silly fetch manifest es-object-atoms@^1.1.1
320 silly packumentCache full:https://registry.npmjs.org/es-object-atoms cache-miss
321 silly fetch manifest math-intrinsics@^1.1.0
322 silly packumentCache full:https://registry.npmjs.org/math-intrinsics cache-miss
323 silly fetch manifest es-define-property@^1.0.1
324 silly packumentCache full:https://registry.npmjs.org/es-define-property cache-miss
325 silly fetch manifest call-bind-apply-helpers@^1.0.2
326 silly packumentCache full:https://registry.npmjs.org/call-bind-apply-helpers cache-miss
327 http cache https://registry.npmjs.org/get-intrinsic 11ms (cache hit)
328 silly packumentCache full:https://registry.npmjs.org/get-intrinsic set size:60985 disposed:false
329 http fetch GET 200 https://registry.npmjs.org/function-bind 83ms (cache miss)
330 silly packumentCache full:https://registry.npmjs.org/function-bind set size:undefined disposed:false
331 http fetch GET 200 https://registry.npmjs.org/get-proto 85ms (cache miss)
332 silly packumentCache full:https://registry.npmjs.org/get-proto set size:undefined disposed:false
333 http fetch GET 200 https://registry.npmjs.org/call-bind-apply-helpers 82ms (cache miss)
334 silly packumentCache full:https://registry.npmjs.org/call-bind-apply-helpers set size:undefined disposed:false
335 http fetch GET 200 https://registry.npmjs.org/has-symbols 86ms (cache miss)
336 silly packumentCache full:https://registry.npmjs.org/has-symbols set size:undefined disposed:false
337 http fetch GET 200 https://registry.npmjs.org/es-object-atoms 85ms (cache miss)
338 silly packumentCache full:https://registry.npmjs.org/es-object-atoms set size:undefined disposed:false
339 http fetch GET 200 https://registry.npmjs.org/call-bind-apply-helpers 89ms (cache miss)
340 silly packumentCache full:https://registry.npmjs.org/call-bind-apply-helpers set size:undefined disposed:false
341 http fetch GET 200 https://registry.npmjs.org/es-define-property 85ms (cache miss)
342 silly packumentCache full:https://registry.npmjs.org/es-define-property set size:undefined disposed:false
343 http fetch GET 200 https://registry.npmjs.org/gopd 89ms (cache miss)
344 silly packumentCache full:https://registry.npmjs.org/gopd set size:undefined disposed:false
345 http fetch GET 200 https://registry.npmjs.org/math-intrinsics 86ms (cache miss)
346 silly packumentCache full:https://registry.npmjs.org/math-intrinsics set size:undefined disposed:false
347 http fetch GET 200 https://registry.npmjs.org/hasown 91ms (cache miss)
348 silly packumentCache full:https://registry.npmjs.org/hasown set size:undefined disposed:false
349 silly placeDep ROOT call-bind-apply-helpers@1.0.2 OK for: call-bound@1.0.4 want: ^1.0.2
350 silly placeDep ROOT function-bind@1.1.2 OK for: call-bind-apply-helpers@1.0.2 want: ^1.1.2
351 silly placeDep ROOT es-define-property@1.0.1 OK for: get-intrinsic@1.3.0 want: ^1.0.1
352 silly placeDep ROOT es-object-atoms@1.1.1 OK for: get-intrinsic@1.3.0 want: ^1.1.1
353 silly placeDep ROOT get-proto@1.0.1 OK for: get-intrinsic@1.3.0 want: ^1.0.1
354 silly placeDep ROOT gopd@1.2.0 OK for: get-intrinsic@1.3.0 want: ^1.2.0
355 silly placeDep ROOT has-symbols@1.1.0 OK for: get-intrinsic@1.3.0 want: ^1.1.0
356 silly placeDep ROOT hasown@2.0.2 OK for: get-intrinsic@1.3.0 want: ^2.0.2
357 silly placeDep ROOT math-intrinsics@1.1.0 OK for: get-intrinsic@1.3.0 want: ^1.1.0
358 silly fetch manifest dunder-proto@^1.0.1
359 silly packumentCache full:https://registry.npmjs.org/dunder-proto cache-miss
360 http fetch GET 200 https://registry.npmjs.org/dunder-proto 92ms (cache miss)
361 silly packumentCache full:https://registry.npmjs.org/dunder-proto set size:undefined disposed:false
362 silly placeDep ROOT dunder-proto@1.0.1 OK for: get-proto@1.0.1 want: ^1.0.1
363 silly placeDep ROOT media-typer@1.1.0 OK for: type-is@2.0.1 want: ^1.1.0
364 silly reify moves {}
365 silly audit bulk request {
365 silly audit   express: [ '5.2.1' ],
365 silly audit   accepts: [ '2.0.0' ],
365 silly audit   'body-parser': [ '2.2.1' ],
365 silly audit   'content-disposition': [ '1.0.1' ],
365 silly audit   'content-type': [ '1.0.5' ],
365 silly audit   cookie: [ '0.7.2' ],
365 silly audit   'cookie-signature': [ '1.2.2' ],
365 silly audit   debug: [ '4.4.3' ],
365 silly audit   depd: [ '2.0.0' ],
365 silly audit   encodeurl: [ '2.0.0' ],
365 silly audit   'escape-html': [ '1.0.3' ],
365 silly audit   etag: [ '1.8.1' ],
365 silly audit   finalhandler: [ '2.1.1' ],
365 silly audit   fresh: [ '2.0.0' ],
365 silly audit   'http-errors': [ '2.0.1' ],
365 silly audit   'merge-descriptors': [ '2.0.0' ],
365 silly audit   'mime-types': [ '3.0.2' ],
365 silly audit   'on-finished': [ '2.4.1' ],
365 silly audit   once: [ '1.4.0' ],
365 silly audit   parseurl: [ '1.3.3' ],
365 silly audit   'proxy-addr': [ '2.0.7' ],
365 silly audit   qs: [ '6.14.1' ],
365 silly audit   'range-parser': [ '1.2.1' ],
365 silly audit   router: [ '2.2.0' ],
365 silly audit   send: [ '1.2.1' ],
365 silly audit   'serve-static': [ '2.2.1' ],
365 silly audit   statuses: [ '2.0.2' ],
365 silly audit   'type-is': [ '2.0.1' ],
365 silly audit   vary: [ '1.1.2' ],
365 silly audit   negotiator: [ '1.0.0' ],
365 silly audit   bytes: [ '3.1.2' ],
365 silly audit   'iconv-lite': [ '0.7.1' ],
365 silly audit   'raw-body': [ '3.0.2' ],
365 silly audit   ms: [ '2.1.3' ],
365 silly audit   inherits: [ '2.0.4' ],
365 silly audit   setprototypeof: [ '1.2.0' ],
365 silly audit   toidentifier: [ '1.0.1' ],
365 silly audit   'safer-buffer': [ '2.1.2' ],
365 silly audit   'mime-db': [ '1.54.0' ],
365 silly audit   'ee-first': [ '1.1.1' ],
365 silly audit   wrappy: [ '1.0.2' ],
365 silly audit   forwarded: [ '0.2.0' ],
365 silly audit   'ipaddr.js': [ '1.9.1' ],
365 silly audit   'side-channel': [ '1.1.0' ],
365 silly audit   unpipe: [ '1.0.0' ],
365 silly audit   'is-promise': [ '4.0.0' ],
365 silly audit   'path-to-regexp': [ '8.3.0' ],
365 silly audit   'es-errors': [ '1.3.0' ],
365 silly audit   'object-inspect': [ '1.13.4' ],
365 silly audit   'side-channel-list': [ '1.0.0' ],
365 silly audit   'side-channel-map': [ '1.0.1' ],
365 silly audit   'side-channel-weakmap': [ '1.0.2' ],
365 silly audit   'call-bound': [ '1.0.4' ],
365 silly audit   'get-intrinsic': [ '1.3.0' ],
365 silly audit   'call-bind-apply-helpers': [ '1.0.2' ],
365 silly audit   'function-bind': [ '1.1.2' ],
365 silly audit   'es-define-property': [ '1.0.1' ],
365 silly audit   'es-object-atoms': [ '1.1.1' ],
365 silly audit   'get-proto': [ '1.0.1' ],
365 silly audit   gopd: [ '1.2.0' ],
365 silly audit   'has-symbols': [ '1.1.0' ],
365 silly audit   hasown: [ '2.0.2' ],
365 silly audit   'math-intrinsics': [ '1.1.0' ],
365 silly audit   'dunder-proto': [ '1.0.1' ],
365 silly audit   'media-typer': [ '1.1.0' ]
365 silly audit }
366 http cache media-typer@https://registry.npmjs.org/media-typer/-/media-typer-1.1.0.tgz 0ms (cache hit)
367 http cache hasown@https://registry.npmjs.org/hasown/-/hasown-2.0.2.tgz 0ms (cache hit)
368 http cache has-symbols@https://registry.npmjs.org/has-symbols/-/has-symbols-1.1.0.tgz 0ms (cache hit)
369 http cache gopd@https://registry.npmjs.org/gopd/-/gopd-1.2.0.tgz 0ms (cache hit)
370 http cache es-object-atoms@https://registry.npmjs.org/es-object-atoms/-/es-object-atoms-1.1.1.tgz 0ms (cache hit)
371 http cache es-define-property@https://registry.npmjs.org/es-define-property/-/es-define-property-1.0.1.tgz 0ms (cache hit)
372 http cache function-bind@https://registry.npmjs.org/function-bind/-/function-bind-1.1.2.tgz 0ms (cache hit)
373 http cache call-bind-apply-helpers@https://registry.npmjs.org/call-bind-apply-helpers/-/call-bind-apply-helpers-1.0.2.tgz 0ms (cache hit)
374 http cache get-intrinsic@https://registry.npmjs.org/get-intrinsic/-/get-intrinsic-1.3.0.tgz 0ms (cache hit)
375 http cache call-bound@https://registry.npmjs.org/call-bound/-/call-bound-1.0.4.tgz 0ms (cache hit)
376 http cache side-channel-weakmap@https://registry.npmjs.org/side-channel-weakmap/-/side-channel-weakmap-1.0.2.tgz 0ms (cache hit)
377 http cache side-channel-map@https://registry.npmjs.org/side-channel-map/-/side-channel-map-1.0.1.tgz 0ms (cache hit)
378 http cache side-channel-list@https://registry.npmjs.org/side-channel-list/-/side-channel-list-1.0.0.tgz 0ms (cache hit)
379 http cache es-errors@https://registry.npmjs.org/es-errors/-/es-errors-1.3.0.tgz 0ms (cache hit)
380 http cache object-inspect@https://registry.npmjs.org/object-inspect/-/object-inspect-1.13.4.tgz 0ms (cache hit)
381 http cache path-to-regexp@https://registry.npmjs.org/path-to-regexp/-/path-to-regexp-8.3.0.tgz 0ms (cache hit)
382 http cache is-promise@https://registry.npmjs.org/is-promise/-/is-promise-4.0.0.tgz 0ms (cache hit)
383 http cache side-channel@https://registry.npmjs.org/side-channel/-/side-channel-1.1.0.tgz 0ms (cache hit)
384 http cache ipaddr.js@https://registry.npmjs.org/ipaddr.js/-/ipaddr.js-1.9.1.tgz 0ms (cache hit)
385 http cache forwarded@https://registry.npmjs.org/forwarded/-/forwarded-0.2.0.tgz 0ms (cache hit)
386 http cache unpipe@https://registry.npmjs.org/unpipe/-/unpipe-1.0.0.tgz 0ms (cache hit)
387 http cache wrappy@https://registry.npmjs.org/wrappy/-/wrappy-1.0.2.tgz 0ms (cache hit)
388 http cache ee-first@https://registry.npmjs.org/ee-first/-/ee-first-1.1.1.tgz 0ms (cache hit)
389 http cache mime-db@https://registry.npmjs.org/mime-db/-/mime-db-1.54.0.tgz 0ms (cache hit)
390 http cache safer-buffer@https://registry.npmjs.org/safer-buffer/-/safer-buffer-2.1.2.tgz 0ms (cache hit)
391 http cache toidentifier@https://registry.npmjs.org/toidentifier/-/toidentifier-1.0.1.tgz 0ms (cache hit)
392 http cache setprototypeof@https://registry.npmjs.org/setprototypeof/-/setprototypeof-1.2.0.tgz 0ms (cache hit)
393 http cache ms@https://registry.npmjs.org/ms/-/ms-2.1.3.tgz 0ms (cache hit)
394 http cache inherits@https://registry.npmjs.org/inherits/-/inherits-2.0.4.tgz 0ms (cache hit)
395 http cache raw-body@https://registry.npmjs.org/raw-body/-/raw-body-3.0.2.tgz 0ms (cache hit)
396 http cache iconv-lite@https://registry.npmjs.org/iconv-lite/-/iconv-lite-0.7.1.tgz 0ms (cache hit)
397 http cache negotiator@https://registry.npmjs.org/negotiator/-/negotiator-1.0.0.tgz 0ms (cache hit)
398 http cache vary@https://registry.npmjs.org/vary/-/vary-1.1.2.tgz 0ms (cache hit)
399 http cache bytes@https://registry.npmjs.org/bytes/-/bytes-3.1.2.tgz 0ms (cache hit)
400 http cache type-is@https://registry.npmjs.org/type-is/-/type-is-2.0.1.tgz 0ms (cache hit)
401 http cache statuses@https://registry.npmjs.org/statuses/-/statuses-2.0.2.tgz 0ms (cache hit)
402 http cache serve-static@https://registry.npmjs.org/serve-static/-/serve-static-2.2.1.tgz 0ms (cache hit)
403 http cache router@https://registry.npmjs.org/router/-/router-2.2.0.tgz 0ms (cache hit)
404 http cache send@https://registry.npmjs.org/send/-/send-1.2.1.tgz 0ms (cache hit)
405 http cache range-parser@https://registry.npmjs.org/range-parser/-/range-parser-1.2.1.tgz 0ms (cache hit)
406 http cache qs@https://registry.npmjs.org/qs/-/qs-6.14.1.tgz 0ms (cache hit)
407 http cache parseurl@https://registry.npmjs.org/parseurl/-/parseurl-1.3.3.tgz 0ms (cache hit)
408 http cache once@https://registry.npmjs.org/once/-/once-1.4.0.tgz 0ms (cache hit)
409 http cache proxy-addr@https://registry.npmjs.org/proxy-addr/-/proxy-addr-2.0.7.tgz 0ms (cache hit)
410 http cache mime-types@https://registry.npmjs.org/mime-types/-/mime-types-3.0.2.tgz 0ms (cache hit)
411 http cache merge-descriptors@https://registry.npmjs.org/merge-descriptors/-/merge-descriptors-2.0.0.tgz 0ms (cache hit)
412 http cache on-finished@https://registry.npmjs.org/on-finished/-/on-finished-2.4.1.tgz 0ms (cache hit)
413 http cache http-errors@https://registry.npmjs.org/http-errors/-/http-errors-2.0.1.tgz 0ms (cache hit)
414 http cache fresh@https://registry.npmjs.org/fresh/-/fresh-2.0.0.tgz 0ms (cache hit)
415 http cache finalhandler@https://registry.npmjs.org/finalhandler/-/finalhandler-2.1.1.tgz 0ms (cache hit)
416 http cache etag@https://registry.npmjs.org/etag/-/etag-1.8.1.tgz 0ms (cache hit)
417 http cache escape-html@https://registry.npmjs.org/escape-html/-/escape-html-1.0.3.tgz 0ms (cache hit)
418 http cache encodeurl@https://registry.npmjs.org/encodeurl/-/encodeurl-2.0.0.tgz 0ms (cache hit)
419 http cache debug@https://registry.npmjs.org/debug/-/debug-4.4.3.tgz 0ms (cache hit)
420 http cache cookie-signature@https://registry.npmjs.org/cookie-signature/-/cookie-signature-1.2.2.tgz 0ms (cache hit)
421 http cache depd@https://registry.npmjs.org/depd/-/depd-2.0.0.tgz 0ms (cache hit)
422 http cache cookie@https://registry.npmjs.org/cookie/-/cookie-0.7.2.tgz 0ms (cache hit)
423 http cache content-type@https://registry.npmjs.org/content-type/-/content-type-1.0.5.tgz 0ms (cache hit)
424 http cache content-disposition@https://registry.npmjs.org/content-disposition/-/content-disposition-1.0.1.tgz 0ms (cache hit)
425 http cache dunder-proto@https://registry.npmjs.org/dunder-proto/-/dunder-proto-1.0.1.tgz 0ms (cache hit)
426 silly tarball no local data for media-typer@https://registry.npmjs.org/media-typer/-/media-typer-1.1.0.tgz. Extracting by manifest.
427 http cache body-parser@https://registry.npmjs.org/body-parser/-/body-parser-2.2.1.tgz 0ms (cache hit)
428 http cache accepts@https://registry.npmjs.org/accepts/-/accepts-2.0.0.tgz 0ms (cache hit)
429 silly tarball no local data for hasown@https://registry.npmjs.org/hasown/-/hasown-2.0.2.tgz. Extracting by manifest.
430 http cache get-proto@https://registry.npmjs.org/get-proto/-/get-proto-1.0.1.tgz 0ms (cache hit)
431 http cache math-intrinsics@https://registry.npmjs.org/math-intrinsics/-/math-intrinsics-1.1.0.tgz 0ms (cache hit)
432 silly tarball no local data for has-symbols@https://registry.npmjs.org/has-symbols/-/has-symbols-1.1.0.tgz. Extracting by manifest.
433 silly tarball no local data for gopd@https://registry.npmjs.org/gopd/-/gopd-1.2.0.tgz. Extracting by manifest.
434 http cache express@https://registry.npmjs.org/express/-/express-5.2.1.tgz 0ms (cache hit)
435 silly tarball no local data for es-object-atoms@https://registry.npmjs.org/es-object-atoms/-/es-object-atoms-1.1.1.tgz. Extracting by manifest.
436 silly tarball no local data for es-define-property@https://registry.npmjs.org/es-define-property/-/es-define-property-1.0.1.tgz. Extracting by manifest.
437 silly tarball no local data for function-bind@https://registry.npmjs.org/function-bind/-/function-bind-1.1.2.tgz. Extracting by manifest.
438 silly tarball no local data for call-bind-apply-helpers@https://registry.npmjs.org/call-bind-apply-helpers/-/call-bind-apply-helpers-1.0.2.tgz. Extracting by manifest.
439 silly tarball no local data for get-intrinsic@https://registry.npmjs.org/get-intrinsic/-/get-intrinsic-1.3.0.tgz. Extracting by manifest.
440 silly tarball no local data for call-bound@https://registry.npmjs.org/call-bound/-/call-bound-1.0.4.tgz. Extracting by manifest.
441 silly tarball no local data for side-channel-weakmap@https://registry.npmjs.org/side-channel-weakmap/-/side-channel-weakmap-1.0.2.tgz. Extracting by manifest.
442 silly tarball no local data for side-channel-map@https://registry.npmjs.org/side-channel-map/-/side-channel-map-1.0.1.tgz. Extracting by manifest.
443 silly tarball no local data for side-channel-list@https://registry.npmjs.org/side-channel-list/-/side-channel-list-1.0.0.tgz. Extracting by manifest.
444 silly tarball no local data for es-errors@https://registry.npmjs.org/es-errors/-/es-errors-1.3.0.tgz. Extracting by manifest.
445 silly tarball no local data for object-inspect@https://registry.npmjs.org/object-inspect/-/object-inspect-1.13.4.tgz. Extracting by manifest.
446 silly tarball no local data for path-to-regexp@https://registry.npmjs.org/path-to-regexp/-/path-to-regexp-8.3.0.tgz. Extracting by manifest.
447 silly tarball no local data for is-promise@https://registry.npmjs.org/is-promise/-/is-promise-4.0.0.tgz. Extracting by manifest.
448 silly tarball no local data for side-channel@https://registry.npmjs.org/side-channel/-/side-channel-1.1.0.tgz. Extracting by manifest.
449 silly tarball no local data for ipaddr.js@https://registry.npmjs.org/ipaddr.js/-/ipaddr.js-1.9.1.tgz. Extracting by manifest.
450 silly tarball no local data for forwarded@https://registry.npmjs.org/forwarded/-/forwarded-0.2.0.tgz. Extracting by manifest.
451 silly tarball no local data for unpipe@https://registry.npmjs.org/unpipe/-/unpipe-1.0.0.tgz. Extracting by manifest.
452 silly tarball no local data for wrappy@https://registry.npmjs.org/wrappy/-/wrappy-1.0.2.tgz. Extracting by manifest.
453 silly tarball no local data for ee-first@https://registry.npmjs.org/ee-first/-/ee-first-1.1.1.tgz. Extracting by manifest.
454 silly tarball no local data for mime-db@https://registry.npmjs.org/mime-db/-/mime-db-1.54.0.tgz. Extracting by manifest.
455 silly tarball no local data for safer-buffer@https://registry.npmjs.org/safer-buffer/-/safer-buffer-2.1.2.tgz. Extracting by manifest.
456 silly tarball no local data for toidentifier@https://registry.npmjs.org/toidentifier/-/toidentifier-1.0.1.tgz. Extracting by manifest.
457 silly tarball no local data for setprototypeof@https://registry.npmjs.org/setprototypeof/-/setprototypeof-1.2.0.tgz. Extracting by manifest.
458 silly tarball no local data for ms@https://registry.npmjs.org/ms/-/ms-2.1.3.tgz. Extracting by manifest.
459 silly tarball no local data for inherits@https://registry.npmjs.org/inherits/-/inherits-2.0.4.tgz. Extracting by manifest.
460 silly tarball no local data for raw-body@https://registry.npmjs.org/raw-body/-/raw-body-3.0.2.tgz. Extracting by manifest.
461 silly tarball no local data for iconv-lite@https://registry.npmjs.org/iconv-lite/-/iconv-lite-0.7.1.tgz. Extracting by manifest.
462 silly tarball no local data for negotiator@https://registry.npmjs.org/negotiator/-/negotiator-1.0.0.tgz. Extracting by manifest.
463 silly tarball no local data for vary@https://registry.npmjs.org/vary/-/vary-1.1.2.tgz. Extracting by manifest.
464 silly tarball no local data for bytes@https://registry.npmjs.org/bytes/-/bytes-3.1.2.tgz. Extracting by manifest.
465 silly tarball no local data for type-is@https://registry.npmjs.org/type-is/-/type-is-2.0.1.tgz. Extracting by manifest.
466 silly tarball no local data for statuses@https://registry.npmjs.org/statuses/-/statuses-2.0.2.tgz. Extracting by manifest.
467 silly tarball no local data for serve-static@https://registry.npmjs.org/serve-static/-/serve-static-2.2.1.tgz. Extracting by manifest.
468 silly tarball no local data for router@https://registry.npmjs.org/router/-/router-2.2.0.tgz. Extracting by manifest.
469 silly tarball no local data for send@https://registry.npmjs.org/send/-/send-1.2.1.tgz. Extracting by manifest.
470 silly tarball no local data for range-parser@https://registry.npmjs.org/range-parser/-/range-parser-1.2.1.tgz. Extracting by manifest.
471 silly tarball no local data for qs@https://registry.npmjs.org/qs/-/qs-6.14.1.tgz. Extracting by manifest.
472 silly tarball no local data for parseurl@https://registry.npmjs.org/parseurl/-/parseurl-1.3.3.tgz. Extracting by manifest.
473 silly tarball no local data for once@https://registry.npmjs.org/once/-/once-1.4.0.tgz. Extracting by manifest.
474 silly tarball no local data for proxy-addr@https://registry.npmjs.org/proxy-addr/-/proxy-addr-2.0.7.tgz. Extracting by manifest.
475 silly tarball no local data for mime-types@https://registry.npmjs.org/mime-types/-/mime-types-3.0.2.tgz. Extracting by manifest.
476 silly tarball no local data for merge-descriptors@https://registry.npmjs.org/merge-descriptors/-/merge-descriptors-2.0.0.tgz. Extracting by manifest.
477 silly tarball no local data for on-finished@https://registry.npmjs.org/on-finished/-/on-finished-2.4.1.tgz. Extracting by manifest.
478 silly tarball no local data for http-errors@https://registry.npmjs.org/http-errors/-/http-errors-2.0.1.tgz. Extracting by manifest.
479 silly tarball no local data for fresh@https://registry.npmjs.org/fresh/-/fresh-2.0.0.tgz. Extracting by manifest.
480 silly tarball no local data for finalhandler@https://registry.npmjs.org/finalhandler/-/finalhandler-2.1.1.tgz. Extracting by manifest.
481 silly tarball no local data for etag@https://registry.npmjs.org/etag/-/etag-1.8.1.tgz. Extracting by manifest.
482 silly tarball no local data for escape-html@https://registry.npmjs.org/escape-html/-/escape-html-1.0.3.tgz. Extracting by manifest.
483 silly tarball no local data for encodeurl@https://registry.npmjs.org/encodeurl/-/encodeurl-2.0.0.tgz. Extracting by manifest.
484 silly tarball no local data for debug@https://registry.npmjs.org/debug/-/debug-4.4.3.tgz. Extracting by manifest.
485 silly tarball no local data for cookie-signature@https://registry.npmjs.org/cookie-signature/-/cookie-signature-1.2.2.tgz. Extracting by manifest.
486 silly tarball no local data for depd@https://registry.npmjs.org/depd/-/depd-2.0.0.tgz. Extracting by manifest.
487 silly tarball no local data for cookie@https://registry.npmjs.org/cookie/-/cookie-0.7.2.tgz. Extracting by manifest.
488 silly tarball no local data for content-type@https://registry.npmjs.org/content-type/-/content-type-1.0.5.tgz. Extracting by manifest.
489 silly tarball no local data for content-disposition@https://registry.npmjs.org/content-disposition/-/content-disposition-1.0.1.tgz. Extracting by manifest.
490 silly tarball no local data for dunder-proto@https://registry.npmjs.org/dunder-proto/-/dunder-proto-1.0.1.tgz. Extracting by manifest.
491 silly tarball no local data for body-parser@https://registry.npmjs.org/body-parser/-/body-parser-2.2.1.tgz. Extracting by manifest.
492 silly tarball no local data for accepts@https://registry.npmjs.org/accepts/-/accepts-2.0.0.tgz. Extracting by manifest.
493 silly tarball no local data for get-proto@https://registry.npmjs.org/get-proto/-/get-proto-1.0.1.tgz. Extracting by manifest.
494 silly tarball no local data for math-intrinsics@https://registry.npmjs.org/math-intrinsics/-/math-intrinsics-1.1.0.tgz. Extracting by manifest.
495 silly tarball no local data for express@https://registry.npmjs.org/express/-/express-5.2.1.tgz. Extracting by manifest.
496 http fetch GET 200 https://registry.npmjs.org/media-typer/-/media-typer-1.1.0.tgz 77ms (cache miss)
497 http fetch GET 200 https://registry.npmjs.org/call-bound/-/call-bound-1.0.4.tgz 89ms (cache miss)
498 http fetch GET 200 https://registry.npmjs.org/es-define-property/-/es-define-property-1.0.1.tgz 105ms (cache miss)
499 http fetch GET 200 https://registry.npmjs.org/hasown/-/hasown-2.0.2.tgz 111ms (cache miss)
500 http fetch GET 200 https://registry.npmjs.org/has-symbols/-/has-symbols-1.1.0.tgz 113ms (cache miss)
501 http fetch GET 200 https://registry.npmjs.org/call-bind-apply-helpers/-/call-bind-apply-helpers-1.0.2.tgz 113ms (cache miss)
502 http fetch GET 200 https://registry.npmjs.org/gopd/-/gopd-1.2.0.tgz 120ms (cache miss)
503 http fetch GET 200 https://registry.npmjs.org/es-object-atoms/-/es-object-atoms-1.1.1.tgz 124ms (cache miss)
504 http fetch GET 200 https://registry.npmjs.org/is-promise/-/is-promise-4.0.0.tgz 186ms (cache miss)
505 http fetch GET 200 https://registry.npmjs.org/get-intrinsic/-/get-intrinsic-1.3.0.tgz 191ms (cache miss)
506 http fetch GET 200 https://registry.npmjs.org/path-to-regexp/-/path-to-regexp-8.3.0.tgz 190ms (cache miss)
507 http fetch GET 200 https://registry.npmjs.org/function-bind/-/function-bind-1.1.2.tgz 192ms (cache miss)
508 http fetch GET 200 https://registry.npmjs.org/forwarded/-/forwarded-0.2.0.tgz 196ms (cache miss)
509 http fetch GET 200 https://registry.npmjs.org/ipaddr.js/-/ipaddr.js-1.9.1.tgz 197ms (cache miss)
510 http fetch GET 200 https://registry.npmjs.org/object-inspect/-/object-inspect-1.13.4.tgz 202ms (cache miss)
511 http fetch POST 200 https://registry.npmjs.org/-/npm/v1/security/advisories/bulk 235ms
512 silly audit report {}
513 http fetch GET 200 https://registry.npmjs.org/wrappy/-/wrappy-1.0.2.tgz 211ms (cache miss)
514 http fetch GET 200 https://registry.npmjs.org/unpipe/-/unpipe-1.0.0.tgz 212ms (cache miss)
515 http fetch GET 200 https://registry.npmjs.org/side-channel/-/side-channel-1.1.0.tgz 214ms (cache miss)
516 http fetch GET 200 https://registry.npmjs.org/safer-buffer/-/safer-buffer-2.1.2.tgz 257ms (cache miss)
517 http fetch GET 200 https://registry.npmjs.org/toidentifier/-/toidentifier-1.0.1.tgz 257ms (cache miss)
518 http fetch GET 200 https://registry.npmjs.org/setprototypeof/-/setprototypeof-1.2.0.tgz 268ms (cache miss)
519 http fetch GET 200 https://registry.npmjs.org/bytes/-/bytes-3.1.2.tgz 292ms (cache miss)
520 http fetch GET 200 https://registry.npmjs.org/ms/-/ms-2.1.3.tgz 300ms (cache miss)
521 http fetch GET 200 https://registry.npmjs.org/raw-body/-/raw-body-3.0.2.tgz 303ms (cache miss)
522 http fetch GET 200 https://registry.npmjs.org/inherits/-/inherits-2.0.4.tgz 317ms (cache miss)
523 http fetch GET 200 https://registry.npmjs.org/negotiator/-/negotiator-1.0.0.tgz 316ms (cache miss)
524 http fetch GET 200 https://registry.npmjs.org/statuses/-/statuses-2.0.2.tgz 345ms (cache miss)
525 http fetch GET 200 https://registry.npmjs.org/serve-static/-/serve-static-2.2.1.tgz 344ms (cache miss)
526 http fetch GET 200 https://registry.npmjs.org/side-channel-map/-/side-channel-map-1.0.1.tgz 352ms (cache miss)
527 http fetch GET 200 https://registry.npmjs.org/type-is/-/type-is-2.0.1.tgz 353ms (cache miss)
528 http fetch GET 200 https://registry.npmjs.org/mime-db/-/mime-db-1.54.0.tgz 357ms (cache miss)
529 http fetch GET 200 https://registry.npmjs.org/side-channel-list/-/side-channel-list-1.0.0.tgz 399ms (cache miss)
530 http fetch GET 200 https://registry.npmjs.org/router/-/router-2.2.0.tgz 412ms (cache miss)
531 http fetch GET 200 https://registry.npmjs.org/range-parser/-/range-parser-1.2.1.tgz 412ms (cache miss)
532 http fetch GET 200 https://registry.npmjs.org/parseurl/-/parseurl-1.3.3.tgz 412ms (cache miss)
533 http fetch GET 200 https://registry.npmjs.org/send/-/send-1.2.1.tgz 415ms (cache miss)
534 http fetch GET 200 https://registry.npmjs.org/merge-descriptors/-/merge-descriptors-2.0.0.tgz 441ms (cache miss)
535 http fetch GET 200 https://registry.npmjs.org/once/-/once-1.4.0.tgz 443ms (cache miss)
536 http fetch GET 200 https://registry.npmjs.org/qs/-/qs-6.14.1.tgz 448ms (cache miss)
537 http fetch GET 200 https://registry.npmjs.org/proxy-addr/-/proxy-addr-2.0.7.tgz 454ms (cache miss)
538 http fetch GET 200 https://registry.npmjs.org/fresh/-/fresh-2.0.0.tgz 472ms (cache miss)
539 http fetch GET 200 https://registry.npmjs.org/on-finished/-/on-finished-2.4.1.tgz 473ms (cache miss)
540 http fetch GET 200 https://registry.npmjs.org/mime-types/-/mime-types-3.0.2.tgz 488ms (cache miss)
541 http fetch GET 200 https://registry.npmjs.org/es-errors/-/es-errors-1.3.0.tgz 498ms (cache miss)
542 http fetch GET 200 https://registry.npmjs.org/http-errors/-/http-errors-2.0.1.tgz 493ms (cache miss)
543 http fetch GET 200 https://registry.npmjs.org/etag/-/etag-1.8.1.tgz 497ms (cache miss)
544 http fetch GET 200 https://registry.npmjs.org/finalhandler/-/finalhandler-2.1.1.tgz 504ms (cache miss)
545 http fetch GET 200 https://registry.npmjs.org/encodeurl/-/encodeurl-2.0.0.tgz 512ms (cache miss)
546 http fetch GET 200 https://registry.npmjs.org/depd/-/depd-2.0.0.tgz 520ms (cache miss)
547 http fetch GET 200 https://registry.npmjs.org/escape-html/-/escape-html-1.0.3.tgz 559ms (cache miss)
548 http fetch GET 200 https://registry.npmjs.org/side-channel-weakmap/-/side-channel-weakmap-1.0.2.tgz 570ms (cache miss)
549 http fetch GET 200 https://registry.npmjs.org/cookie/-/cookie-0.7.2.tgz 565ms (cache miss)
550 http fetch GET 200 https://registry.npmjs.org/cookie-signature/-/cookie-signature-1.2.2.tgz 578ms (cache miss)
551 http fetch GET 200 https://registry.npmjs.org/debug/-/debug-4.4.3.tgz 591ms (cache miss)
552 http fetch GET 200 https://registry.npmjs.org/dunder-proto/-/dunder-proto-1.0.1.tgz 593ms (cache miss)
553 http fetch GET 200 https://registry.npmjs.org/body-parser/-/body-parser-2.2.1.tgz 594ms (cache miss)
554 http fetch GET 200 https://registry.npmjs.org/get-proto/-/get-proto-1.0.1.tgz 598ms (cache miss)
555 http fetch GET 200 https://registry.npmjs.org/math-intrinsics/-/math-intrinsics-1.1.0.tgz 600ms (cache miss)
556 http fetch GET 200 https://registry.npmjs.org/accepts/-/accepts-2.0.0.tgz 610ms (cache miss)
557 http fetch GET 200 https://registry.npmjs.org/content-type/-/content-type-1.0.5.tgz 642ms (cache miss)
558 http fetch GET 200 https://registry.npmjs.org/ee-first/-/ee-first-1.1.1.tgz 651ms (cache miss)
559 http fetch GET 200 https://registry.npmjs.org/content-disposition/-/content-disposition-1.0.1.tgz 643ms (cache miss)
560 http fetch GET 200 https://registry.npmjs.org/iconv-lite/-/iconv-lite-0.7.1.tgz 668ms (cache miss)
561 http fetch GET 200 https://registry.npmjs.org/express/-/express-5.2.1.tgz 660ms (cache miss)
562 http fetch GET 200 https://registry.npmjs.org/vary/-/vary-1.1.2.tgz 680ms (cache miss)
563 silly ADD node_modules/media-typer
564 silly ADD node_modules/dunder-proto
565 silly ADD node_modules/math-intrinsics
566 silly ADD node_modules/hasown
567 silly ADD node_modules/has-symbols
568 silly ADD node_modules/gopd
569 silly ADD node_modules/get-proto
570 silly ADD node_modules/es-object-atoms
571 silly ADD node_modules/es-define-property
572 silly ADD node_modules/function-bind
573 silly ADD node_modules/call-bind-apply-helpers
574 silly ADD node_modules/get-intrinsic
575 silly ADD node_modules/call-bound
576 silly ADD node_modules/side-channel-weakmap
577 silly ADD node_modules/side-channel-map
578 silly ADD node_modules/side-channel-list
579 silly ADD node_modules/object-inspect
580 silly ADD node_modules/es-errors
581 silly ADD node_modules/path-to-regexp
582 silly ADD node_modules/is-promise
583 silly ADD node_modules/unpipe
584 silly ADD node_modules/side-channel
585 silly ADD node_modules/ipaddr.js
586 silly ADD node_modules/forwarded
587 silly ADD node_modules/wrappy
588 silly ADD node_modules/ee-first
589 silly ADD node_modules/mime-db
590 silly ADD node_modules/safer-buffer
591 silly ADD node_modules/toidentifier
592 silly ADD node_modules/setprototypeof
593 silly ADD node_modules/inherits
594 silly ADD node_modules/ms
595 silly ADD node_modules/raw-body
596 silly ADD node_modules/iconv-lite
597 silly ADD node_modules/bytes
598 silly ADD node_modules/negotiator
599 silly ADD node_modules/vary
600 silly ADD node_modules/type-is
601 silly ADD node_modules/statuses
602 silly ADD node_modules/serve-static
603 silly ADD node_modules/send
604 silly ADD node_modules/router
605 silly ADD node_modules/range-parser
606 silly ADD node_modules/qs
607 silly ADD node_modules/proxy-addr
608 silly ADD node_modules/parseurl
609 silly ADD node_modules/once
610 silly ADD node_modules/on-finished
611 silly ADD node_modules/mime-types
612 silly ADD node_modules/merge-descriptors
613 silly ADD node_modules/http-errors
614 silly ADD node_modules/fresh
615 silly ADD node_modules/finalhandler
616 silly ADD node_modules/etag
617 silly ADD node_modules/escape-html
618 silly ADD node_modules/encodeurl
619 silly ADD node_modules/depd
620 silly ADD node_modules/debug
621 silly ADD node_modules/cookie-signature
622 silly ADD node_modules/cookie
623 silly ADD node_modules/content-type
624 silly ADD node_modules/content-disposition
625 silly ADD node_modules/body-parser
626 silly ADD node_modules/accepts
627 silly ADD node_modules/express
628 verbose cwd /home/app
629 verbose os Linux 6.12.54-linuxkit
630 verbose node v24.12.0
631 verbose npm  v11.6.2
632 verbose exit 0
633 info ok
