0 verbose cli /usr/local/bin/node /usr/local/bin/npm
1 info using npm@11.6.2
2 info using node@v24.12.0
3 silly config load:file:/usr/local/lib/node_modules/npm/npmrc
4 silly config load:file:/home/app/.npmrc
5 silly config load:file:/usr/local/etc/npmrc
6 verbose title npm install express-validator
7 verbose argv "install" "express-validator"
8 verbose logfile logs-max:10 dir:/home/app/.npm/_logs/2026-01-05T11_31_09_145Z-
9 verbose logfile /home/app/.npm/_logs/2026-01-05T11_31_09_145Z-debug-0.log
10 silly logfile done cleaning log files
11 silly packumentCache heap:2348810240 maxSize:587202560 maxEntrySize:293601280
12 silly idealTree buildDeps
13 silly fetch manifest express-validator@*
14 silly packumentCache full:https://registry.npmjs.org/express-validator cache-miss
15 http fetch GET 200 https://registry.npmjs.org/express-validator 182ms (cache miss)
16 silly packumentCache full:https://registry.npmjs.org/express-validator set size:undefined disposed:false
17 silly placeDep ROOT express-validator@7.3.1 OK for: app@1.0.0 want: *
18 silly fetch manifest lodash@^4.17.21
19 silly packumentCache full:https://registry.npmjs.org/lodash cache-miss
20 silly fetch manifest validator@~13.15.23
21 silly packumentCache full:https://registry.npmjs.org/validator cache-miss
22 http fetch GET 200 https://registry.npmjs.org/lodash 83ms (cache miss)
23 silly packumentCache full:https://registry.npmjs.org/lodash set size:undefined disposed:false
24 http fetch GET 200 https://registry.npmjs.org/validator 183ms (cache miss)
25 silly packumentCache full:https://registry.npmjs.org/validator set size:undefined disposed:false
26 silly placeDep ROOT lodash@4.17.21 OK for: express-validator@7.3.1 want: ^4.17.21
27 silly placeDep ROOT validator@13.15.26 OK for: express-validator@7.3.1 want: ~13.15.23
28 silly reify moves {}
29 silly audit bulk request {
29 silly audit   accepts: [ '2.0.0' ],
29 silly audit   'body-parser': [ '2.2.1' ],
29 silly audit   bytes: [ '3.1.2' ],
29 silly audit   'call-bind-apply-helpers': [ '1.0.2' ],
29 silly audit   'call-bound': [ '1.0.4' ],
29 silly audit   'content-disposition': [ '1.0.1' ],
29 silly audit   'content-type': [ '1.0.5' ],
29 silly audit   cookie: [ '0.7.2' ],
29 silly audit   'cookie-signature': [ '1.2.2' ],
29 silly audit   debug: [ '4.4.3' ],
29 silly audit   depd: [ '2.0.0' ],
29 silly audit   'dunder-proto': [ '1.0.1' ],
29 silly audit   'ee-first': [ '1.1.1' ],
29 silly audit   encodeurl: [ '2.0.0' ],
29 silly audit   'es-define-property': [ '1.0.1' ],
29 silly audit   'es-errors': [ '1.3.0' ],
29 silly audit   'es-object-atoms': [ '1.1.1' ],
29 silly audit   'escape-html': [ '1.0.3' ],
29 silly audit   etag: [ '1.8.1' ],
29 silly audit   express: [ '5.2.1' ],
29 silly audit   finalhandler: [ '2.1.1' ],
29 silly audit   forwarded: [ '0.2.0' ],
29 silly audit   fresh: [ '2.0.0' ],
29 silly audit   'function-bind': [ '1.1.2' ],
29 silly audit   'get-intrinsic': [ '1.3.0' ],
29 silly audit   'get-proto': [ '1.0.1' ],
29 silly audit   gopd: [ '1.2.0' ],
29 silly audit   'has-symbols': [ '1.1.0' ],
29 silly audit   hasown: [ '2.0.2' ],
29 silly audit   'http-errors': [ '2.0.1' ],
29 silly audit   'iconv-lite': [ '0.7.1' ],
29 silly audit   inherits: [ '2.0.4' ],
29 silly audit   'ipaddr.js': [ '1.9.1' ],
29 silly audit   'is-promise': [ '4.0.0' ],
29 silly audit   'math-intrinsics': [ '1.1.0' ],
29 silly audit   'media-typer': [ '1.1.0' ],
29 silly audit   'merge-descriptors': [ '2.0.0' ],
29 silly audit   'mime-db': [ '1.54.0' ],
29 silly audit   'mime-types': [ '3.0.2' ],
29 silly audit   ms: [ '2.1.3' ],
29 silly audit   negotiator: [ '1.0.0' ],
29 silly audit   'object-inspect': [ '1.13.4' ],
29 silly audit   'on-finished': [ '2.4.1' ],
29 silly audit   once: [ '1.4.0' ],
29 silly audit   parseurl: [ '1.3.3' ],
29 silly audit   'path-to-regexp': [ '8.3.0' ],
29 silly audit   'proxy-addr': [ '2.0.7' ],
29 silly audit   qs: [ '6.14.1' ],
29 silly audit   'range-parser': [ '1.2.1' ],
29 silly audit   'raw-body': [ '3.0.2' ],
29 silly audit   router: [ '2.2.0' ],
29 silly audit   'safer-buffer': [ '2.1.2' ],
29 silly audit   send: [ '1.2.1' ],
29 silly audit   'serve-static': [ '2.2.1' ],
29 silly audit   setprototypeof: [ '1.2.0' ],
29 silly audit   'side-channel': [ '1.1.0' ],
29 silly audit   'side-channel-list': [ '1.0.0' ],
29 silly audit   'side-channel-map': [ '1.0.1' ],
29 silly audit   'side-channel-weakmap': [ '1.0.2' ],
29 silly audit   statuses: [ '2.0.2' ],
29 silly audit   toidentifier: [ '1.0.1' ],
29 silly audit   'type-is': [ '2.0.1' ],
29 silly audit   unpipe: [ '1.0.0' ],
29 silly audit   vary: [ '1.1.2' ],
29 silly audit   wrappy: [ '1.0.2' ],
29 silly audit   'express-validator': [ '7.3.1' ],
29 silly audit   lodash: [ '4.17.21' ],
29 silly audit   validator: [ '13.15.26' ]
29 silly audit }
30 http cache validator@https://registry.npmjs.org/validator/-/validator-13.15.26.tgz 1ms (cache hit)
31 http cache lodash@https://registry.npmjs.org/lodash/-/lodash-4.17.21.tgz 0ms (cache hit)
32 http cache express-validator@https://registry.npmjs.org/express-validator/-/express-validator-7.3.1.tgz 0ms (cache hit)
33 silly tarball no local data for validator@https://registry.npmjs.org/validator/-/validator-13.15.26.tgz. Extracting by manifest.
34 silly tarball no local data for lodash@https://registry.npmjs.org/lodash/-/lodash-4.17.21.tgz. Extracting by manifest.
35 silly tarball no local data for express-validator@https://registry.npmjs.org/express-validator/-/express-validator-7.3.1.tgz. Extracting by manifest.
36 http fetch GET 200 https://registry.npmjs.org/express-validator/-/express-validator-7.3.1.tgz 181ms (cache miss)
37 http fetch GET 200 https://registry.npmjs.org/validator/-/validator-13.15.26.tgz 195ms (cache miss)
38 http fetch POST 200 https://registry.npmjs.org/-/npm/v1/security/advisories/bulk 218ms
39 silly audit report {}
40 http fetch GET 200 https://registry.npmjs.org/lodash/-/lodash-4.17.21.tgz 374ms (cache miss)
41 silly ADD node_modules/validator
42 silly ADD node_modules/lodash
43 silly ADD node_modules/express-validator
44 verbose cwd /home/app
45 verbose os Linux 6.12.54-linuxkit
46 verbose node v24.12.0
47 verbose npm  v11.6.2
48 verbose exit 0
49 info ok
